\BOOKMARK [1][-]{section.1}{Zielbestimmung}{}% 1
\BOOKMARK [2][-]{subsection.1.1}{Musskriterien}{section.1}% 2
\BOOKMARK [2][-]{subsection.1.2}{Wunschkriterien}{section.1}% 3
\BOOKMARK [2][-]{subsection.1.3}{Abgrenzungskriterien}{section.1}% 4
\BOOKMARK [1][-]{section.2}{Produkteinsatz}{}% 5
\BOOKMARK [2][-]{subsection.2.1}{Anwendungsbereiche}{section.2}% 6
\BOOKMARK [2][-]{subsection.2.2}{Zielgruppen}{section.2}% 7
\BOOKMARK [2][-]{subsection.2.3}{Betriebsbedingungen}{section.2}% 8
\BOOKMARK [1][-]{section.3}{Produktumgebung}{}% 9
\BOOKMARK [2][-]{subsection.3.1}{Software}{section.3}% 10
\BOOKMARK [2][-]{subsection.3.2}{Hardware}{section.3}% 11
\BOOKMARK [1][-]{section.4}{Funktionale Anforderungen}{}% 12
\BOOKMARK [2][-]{subsection.4.1}{Freunde}{section.4}% 13
\BOOKMARK [2][-]{subsection.4.2}{Gruppe}{section.4}% 14
\BOOKMARK [2][-]{subsection.4.3}{Veranstaltungen}{section.4}% 15
\BOOKMARK [2][-]{subsection.4.4}{Beitr\344ge}{section.4}% 16
\BOOKMARK [2][-]{subsection.4.5}{Konto}{section.4}% 17
\BOOKMARK [2][-]{subsection.4.6}{Nachrichten}{section.4}% 18
\BOOKMARK [2][-]{subsection.4.7}{Feed}{section.4}% 19
\BOOKMARK [1][-]{section.5}{Produktdaten}{}% 20
\BOOKMARK [1][-]{section.6}{Nichfunktionale Anforderungen}{}% 21
\BOOKMARK [1][-]{section.7}{Globale Testf\344lle}{}% 22
\BOOKMARK [2][-]{subsection.7.1}{Allgemein}{section.7}% 23
\BOOKMARK [2][-]{subsection.7.2}{Freunde}{section.7}% 24
\BOOKMARK [2][-]{subsection.7.3}{Gruppe}{section.7}% 25
\BOOKMARK [2][-]{subsection.7.4}{Veranstaltungen}{section.7}% 26
\BOOKMARK [2][-]{subsection.7.5}{Beitr\344ge}{section.7}% 27
\BOOKMARK [2][-]{subsection.7.6}{Konto}{section.7}% 28
\BOOKMARK [2][-]{subsection.7.7}{Nachrichten}{section.7}% 29
\BOOKMARK [2][-]{subsection.7.8}{Feed}{section.7}% 30
\BOOKMARK [1][-]{section.8}{Systemmodelle}{}% 31
\BOOKMARK [2][-]{subsection.8.1}{Szenarien}{section.8}% 32
\BOOKMARK [3][-]{subsubsection.8.1.1}{Registrierung}{subsection.8.1}% 33
\BOOKMARK [3][-]{subsubsection.8.1.2}{Freunde}{subsection.8.1}% 34
\BOOKMARK [3][-]{subsubsection.8.1.3}{Gruppen}{subsection.8.1}% 35
\BOOKMARK [3][-]{subsubsection.8.1.4}{Veranstaltungen}{subsection.8.1}% 36
\BOOKMARK [3][-]{subsubsection.8.1.5}{Feed}{subsection.8.1}% 37
\BOOKMARK [2][-]{subsection.8.2}{Anwendungsf\344lle}{section.8}% 38
\BOOKMARK [1][-]{section.9}{Grafische Benutzeroberfl\344che}{}% 39
\BOOKMARK [1][-]{section.10}{Durchf\374hrbarkeitsanalyse}{}% 40
\BOOKMARK [2][-]{subsection.10.1}{Technische Durchf\374hrbarkeit}{section.10}% 41
\BOOKMARK [3][-]{subsubsection.10.1.1}{Software}{subsection.10.1}% 42
\BOOKMARK [3][-]{subsubsection.10.1.2}{Hardware}{subsection.10.1}% 43
\BOOKMARK [2][-]{subsection.10.2}{Personelle Durchf\374hrbarkeit}{section.10}% 44
\BOOKMARK [2][-]{subsection.10.3}{Alternative L\366sungsvorschl\344ge}{section.10}% 45
\BOOKMARK [2][-]{subsection.10.4}{Risiken}{section.10}% 46
